2020-02-25T20:08:29.236348 INFO: Loading cell info...
2020-02-25T20:08:29.250932 INFO: Processing mouse Krebs...
2020-02-25T20:08:30.964872 INFO: Processing bin width 0.005...
2020-02-25T20:08:32.868915 INFO: Processing conditional correlations...
2020-02-25T20:40:03.496631 INFO: Conditional analysis frames saved.
2020-02-25T20:40:03.496641 INFO: Processing bin width 0.01...
/home/pgrads/td16954/linux/.local/lib/python3.6/site-packages/statsmodels/stats/stattools.py:46: RuntimeWarning: invalid value encountered in double_scalars
  dw = np.sum(diff_resids**2, axis=axis) / np.sum(resids**2, axis=axis)
2020-02-25T20:40:05.024366 INFO: Processing conditional correlations...
2020-02-25T21:09:44.244833 INFO: Conditional analysis frames saved.
2020-02-25T21:09:44.244844 INFO: Processing bin width 0.05...
/home/pgrads/td16954/linux/.local/lib/python3.6/site-packages/statsmodels/stats/stattools.py:46: RuntimeWarning: invalid value encountered in double_scalars
  dw = np.sum(diff_resids**2, axis=axis) / np.sum(resids**2, axis=axis)
2020-02-25T21:09:45.038057 INFO: Processing conditional correlations...
2020-02-25T21:30:15.365414 INFO: Conditional analysis frames saved.
2020-02-25T21:30:15.365424 INFO: Processing bin width 0.1...
2020-02-25T21:30:16.059023 INFO: Processing conditional correlations...
2020-02-25T21:48:22.014939 INFO: Conditional analysis frames saved.
2020-02-25T21:48:22.014949 INFO: Processing bin width 0.2...
2020-02-25T21:48:22.753287 INFO: Processing conditional correlations...
2020-02-25T22:05:30.986333 INFO: Conditional analysis frames saved.
2020-02-25T22:05:30.986343 INFO: Processing bin width 1.0...
2020-02-25T22:05:31.498673 INFO: Processing conditional correlations...
2020-02-25T22:28:06.586968 INFO: Conditional analysis frames saved.
2020-02-25T22:28:06.586977 INFO: Processing bin width 2.0...
2020-02-25T22:28:07.099749 INFO: Processing conditional correlations...
2020-02-25T22:48:32.554083 INFO: Conditional analysis frames saved.
2020-02-25T22:48:32.554093 INFO: Processing bin width 3.0...
2020-02-25T22:48:33.060727 INFO: Processing conditional correlations...
2020-02-25T23:05:10.371474 INFO: Conditional analysis frames saved.
2020-02-25T23:05:10.371490 INFO: Processing mouse Waksman...
2020-02-25T23:05:26.603814 INFO: Processing bin width 0.005...
2020-02-25T23:05:31.758617 INFO: Processing conditional correlations...
2020-02-25T23:57:39.784709 INFO: Conditional analysis frames saved.
2020-02-25T23:57:39.784718 INFO: Processing bin width 0.01...
2020-02-25T23:57:42.516599 INFO: Processing conditional correlations...
2020-02-26T00:47:02.377716 INFO: Conditional analysis frames saved.
2020-02-26T00:47:02.377726 INFO: Processing bin width 0.05...
2020-02-26T00:47:03.796022 INFO: Processing conditional correlations...
2020-02-26T01:16:17.438781 INFO: Conditional analysis frames saved.
2020-02-26T01:16:17.438791 INFO: Processing bin width 0.1...
2020-02-26T01:16:18.456581 INFO: Processing conditional correlations...
2020-02-26T01:37:25.843239 INFO: Conditional analysis frames saved.
2020-02-26T01:37:25.843249 INFO: Processing bin width 0.2...
2020-02-26T01:37:26.703951 INFO: Processing conditional correlations...
2020-02-26T01:55:36.655548 INFO: Conditional analysis frames saved.
2020-02-26T01:55:36.655558 INFO: Processing bin width 1.0...
2020-02-26T01:55:37.559691 INFO: Processing conditional correlations...
2020-02-26T02:14:46.054089 INFO: Conditional analysis frames saved.
2020-02-26T02:14:46.054100 INFO: Processing bin width 2.0...
2020-02-26T02:14:46.943310 INFO: Processing conditional correlations...
2020-02-26T02:38:20.337882 INFO: Conditional analysis frames saved.
2020-02-26T02:38:20.337892 INFO: Processing bin width 3.0...
2020-02-26T02:38:21.154575 INFO: Processing conditional correlations...
2020-02-26T03:02:00.785687 INFO: Conditional analysis frames saved.
2020-02-26T03:02:00.785702 INFO: Processing mouse Robbins...
2020-02-26T03:02:13.674208 INFO: Processing bin width 0.005...
2020-02-26T03:02:18.403672 INFO: Processing conditional correlations...
2020-02-26T03:50:25.738804 INFO: Conditional analysis frames saved.
2020-02-26T03:50:25.738814 INFO: Processing bin width 0.01...
2020-02-26T03:50:28.094019 INFO: Processing conditional correlations...
2020-02-26T04:35:29.639425 INFO: Conditional analysis frames saved.
2020-02-26T04:35:29.639438 INFO: Processing bin width 0.05...
2020-02-26T04:35:30.788235 INFO: Processing conditional correlations...
2020-02-26T05:02:52.307362 INFO: Conditional analysis frames saved.
2020-02-26T05:02:52.307371 INFO: Processing bin width 0.1...
2020-02-26T05:02:53.214038 INFO: Processing conditional correlations...
2020-02-26T05:23:36.238379 INFO: Conditional analysis frames saved.
2020-02-26T05:23:36.238390 INFO: Processing bin width 0.2...
2020-02-26T05:23:37.216430 INFO: Processing conditional correlations...
2020-02-26T05:42:38.998694 INFO: Conditional analysis frames saved.
2020-02-26T05:42:38.998705 INFO: Processing bin width 1.0...
2020-02-26T05:42:39.731649 INFO: Processing conditional correlations...
2020-02-26T06:05:56.239650 INFO: Conditional analysis frames saved.
2020-02-26T06:05:56.239661 INFO: Processing bin width 2.0...
2020-02-26T06:05:57.011684 INFO: Processing conditional correlations...
2020-02-26T06:41:20.175352 INFO: Conditional analysis frames saved.
2020-02-26T06:41:20.175362 INFO: Processing bin width 3.0...
2020-02-26T06:41:20.920640 INFO: Processing conditional correlations...
2020-02-26T07:03:08.347761 INFO: Conditional analysis frames saved.
2020-02-26T07:03:08.347773 INFO: Done.
>>> 
