2019-08-01T12:22:07.398340 INFO: Loading cell info...
2019-08-01T12:22:07.416561 INFO: Processing mouse Krebs...
2019-08-01T12:22:09.996059 INFO: Processing bin width 0.005...
2019-08-01T12:24:26.705502 INFO: Processing bin width 0.01...
2019-08-01T12:25:34.010675 INFO: Processing bin width 0.02...
2019-08-01T12:26:08.796491 INFO: Processing bin width 0.03...
2019-08-01T12:26:33.185896 INFO: Processing bin width 0.04...
2019-08-01T12:26:52.030085 INFO: Processing bin width 0.05...
2019-08-01T12:27:08.525826 INFO: Processing bin width 0.06...
2019-08-01T12:27:24.462375 INFO: Processing bin width 0.07...
2019-08-01T12:27:38.820214 INFO: Processing bin width 0.08...
2019-08-01T12:27:51.480855 INFO: Processing bin width 0.09...
2019-08-01T12:28:04.129372 INFO: Processing bin width 0.1...
2019-08-01T12:28:15.314182 INFO: Processing bin width 0.2...
2019-08-01T12:28:22.368075 INFO: Processing bin width 0.3...
2019-08-01T12:28:28.757551 INFO: Processing bin width 0.4...
2019-08-01T12:28:35.192111 INFO: Processing bin width 0.5...
2019-08-01T12:28:41.570248 INFO: Processing bin width 0.6...
2019-08-01T12:28:47.111996 INFO: Processing bin width 0.7...
2019-08-01T12:28:51.803606 INFO: Processing bin width 0.8...
2019-08-01T12:28:56.440971 INFO: Processing bin width 0.9...
2019-08-01T12:29:01.119857 INFO: Processing bin width 1.0...
2019-08-01T12:29:06.266322 INFO: Processing bin width 1.2...
2019-08-01T12:29:11.054676 INFO: Processing bin width 1.3...
2019-08-01T12:29:15.943891 INFO: Processing bin width 1.4...
2019-08-01T12:29:20.906323 INFO: Processing bin width 1.5...
2019-08-01T12:29:25.557116 INFO: Processing bin width 1.6...
2019-08-01T12:29:29.599959 INFO: Processing bin width 1.7...
2019-08-01T12:29:34.341649 INFO: Processing bin width 1.8...
2019-08-01T12:29:38.916015 INFO: Processing bin width 1.9...
2019-08-01T12:29:43.578144 INFO: Processing bin width 2.0...
2019-08-01T12:29:47.744724 INFO: Processing bin width 2.1...
2019-08-01T12:29:51.795945 INFO: Processing bin width 2.2...
2019-08-01T12:29:55.938568 INFO: Processing bin width 2.3...
2019-08-01T12:30:00.011046 INFO: Processing bin width 2.4...
2019-08-01T12:30:04.437667 INFO: Processing bin width 2.5...
2019-08-01T12:30:08.401043 INFO: Processing bin width 2.75...
2019-08-01T12:30:12.015068 INFO: Processing bin width 3.0...
2019-08-01T12:30:15.946811 INFO: Processing bin width 3.25...
2019-08-01T12:30:19.717865 INFO: Processing bin width 3.5...
2019-08-01T12:30:23.433330 INFO: Processing bin width 3.75...
2019-08-01T12:30:27.479189 INFO: Processing bin width 4.0...
2019-08-01T12:30:31.242900 INFO: /home/thomas/Eight_Probe/npy/Krebs_all_bins.npy saved.
2019-08-01T12:30:31.242973 INFO: Processing mouse Waksman...
2019-08-01T12:30:40.722411 INFO: Processing bin width 0.005...
2019-08-01T12:35:13.629497 INFO: Processing bin width 0.01...
2019-08-01T12:37:22.869793 INFO: Processing bin width 0.02...
2019-08-01T12:38:30.168029 INFO: Processing bin width 0.03...
2019-08-01T12:39:15.327382 INFO: Processing bin width 0.04...
2019-08-01T12:39:48.958587 INFO: Processing bin width 0.05...
2019-08-01T12:40:19.755134 INFO: Processing bin width 0.06...
2019-08-01T12:40:44.667841 INFO: Processing bin width 0.07...
2019-08-01T12:41:06.312536 INFO: Processing bin width 0.08...
2019-08-01T12:41:24.814043 INFO: Processing bin width 0.09...
2019-08-01T12:41:41.390431 INFO: Processing bin width 0.1...
2019-08-01T12:41:57.007907 INFO: Processing bin width 0.2...
2019-08-01T12:42:07.048555 INFO: Processing bin width 0.3...
2019-08-01T12:42:14.677853 INFO: Processing bin width 0.4...
2019-08-01T12:42:21.186269 INFO: Processing bin width 0.5...
2019-08-01T12:42:27.495644 INFO: Processing bin width 0.6...
2019-08-01T12:42:33.164480 INFO: Processing bin width 0.7...
2019-08-01T12:42:38.660991 INFO: Processing bin width 0.8...
2019-08-01T12:42:43.969658 INFO: Processing bin width 0.9...
2019-08-01T12:42:48.894585 INFO: Processing bin width 1.0...
2019-08-01T12:42:54.126130 INFO: Processing bin width 1.2...
2019-08-01T12:42:58.832555 INFO: Processing bin width 1.3...
2019-08-01T12:43:03.415805 INFO: Processing bin width 1.4...
2019-08-01T12:43:08.115642 INFO: Processing bin width 1.5...
2019-08-01T12:43:12.298771 INFO: Processing bin width 1.6...
2019-08-01T12:43:16.891236 INFO: Processing bin width 1.7...
2019-08-01T12:43:20.978186 INFO: Processing bin width 1.8...
2019-08-01T12:43:25.481375 INFO: Processing bin width 1.9...
2019-08-01T12:43:29.579902 INFO: Processing bin width 2.0...
2019-08-01T12:43:33.865857 INFO: Processing bin width 2.1...
2019-08-01T12:43:38.275829 INFO: Processing bin width 2.2...
2019-08-01T12:43:42.366572 INFO: Processing bin width 2.3...
2019-08-01T12:43:46.952073 INFO: Processing bin width 2.4...
2019-08-01T12:43:51.255186 INFO: Processing bin width 2.5...
2019-08-01T12:43:55.628011 INFO: Processing bin width 2.75...
2019-08-01T12:43:59.629691 INFO: Processing bin width 3.0...
2019-08-01T12:44:03.789035 INFO: Processing bin width 3.25...
2019-08-01T12:44:08.183380 INFO: Processing bin width 3.5...
2019-08-01T12:44:12.032845 INFO: Processing bin width 3.75...
2019-08-01T12:44:16.299386 INFO: Processing bin width 4.0...
2019-08-01T12:44:20.306037 INFO: /home/thomas/Eight_Probe/npy/Waksman_all_bins.npy saved.
2019-08-01T12:44:20.306116 INFO: Processing mouse Robbins...
2019-08-01T12:44:31.148365 INFO: Processing bin width 0.005...
2019-08-01T12:48:20.966990 INFO: Processing bin width 0.01...
2019-08-01T12:50:18.901089 INFO: Processing bin width 0.02...
2019-08-01T12:51:18.393027 INFO: Processing bin width 0.03...
2019-08-01T12:51:58.545638 INFO: Processing bin width 0.04...
2019-08-01T12:52:31.844553 INFO: Processing bin width 0.05...
2019-08-01T12:52:58.987323 INFO: Processing bin width 0.06...
2019-08-01T12:53:21.473907 INFO: Processing bin width 0.07...
2019-08-01T12:53:40.649188 INFO: Processing bin width 0.08...
2019-08-01T12:53:57.870891 INFO: Processing bin width 0.09...
2019-08-01T12:54:15.967289 INFO: Processing bin width 0.1...
2019-08-01T12:54:31.515082 INFO: Processing bin width 0.2...
2019-08-01T12:54:41.146046 INFO: Processing bin width 0.3...
2019-08-01T12:54:49.048339 INFO: Processing bin width 0.4...
2019-08-01T12:54:56.510379 INFO: Processing bin width 0.5...
2019-08-01T12:55:02.577159 INFO: Processing bin width 0.6...
2019-08-01T12:55:09.385101 INFO: Processing bin width 0.7...
2019-08-01T12:55:16.119786 INFO: Processing bin width 0.8...
2019-08-01T12:55:22.043684 INFO: Processing bin width 0.9...
2019-08-01T12:55:27.605337 INFO: Processing bin width 1.0...
2019-08-01T12:55:32.561202 INFO: Processing bin width 1.2...
2019-08-01T12:55:37.716086 INFO: Processing bin width 1.3...
2019-08-01T12:55:43.347676 INFO: Processing bin width 1.4...
2019-08-01T12:55:48.637626 INFO: Processing bin width 1.5...
2019-08-01T12:55:53.302481 INFO: Processing bin width 1.6...
2019-08-01T12:55:58.251608 INFO: Processing bin width 1.7...
2019-08-01T12:56:03.032398 INFO: Processing bin width 1.8...
2019-08-01T12:56:08.133723 INFO: Processing bin width 1.9...
2019-08-01T12:56:12.885482 INFO: Processing bin width 2.0...
2019-08-01T12:56:17.552004 INFO: Processing bin width 2.1...
2019-08-01T12:56:22.288683 INFO: Processing bin width 2.2...
2019-08-01T12:56:26.626775 INFO: Processing bin width 2.3...
2019-08-01T12:56:31.814254 INFO: Processing bin width 2.4...
2019-08-01T12:56:36.575856 INFO: Processing bin width 2.5...
2019-08-01T12:56:40.705864 INFO: Processing bin width 2.75...
2019-08-01T12:56:45.667263 INFO: Processing bin width 3.0...
2019-08-01T12:56:49.915275 INFO: Processing bin width 3.25...
2019-08-01T12:56:54.145338 INFO: Processing bin width 3.5...
2019-08-01T12:56:58.574934 INFO: Processing bin width 3.75...
2019-08-01T12:57:03.115431 INFO: Processing bin width 4.0...
2019-08-01T12:57:08.391446 INFO: /home/thomas/Eight_Probe/npy/Robbins_all_bins.npy saved.
2019-08-01T12:57:08.391529 INFO: Done.
