2020-02-27T16:49:15.079552 INFO: Loading cell info...
2020-02-27T16:49:15.088392 INFO: Processing mouse Krebs...
2020-02-27T16:49:16.869359 INFO: Processing bin width 0.005...
2020-02-27T16:49:18.938935 INFO: Processing conditional correlations...
2020-02-27T17:26:16.052134 INFO: Conditional analysis frames and matrices saved.
2020-02-27T17:26:16.052148 INFO: Processing bin width 0.01...
/home/pgrads/td16954/linux/.local/lib/python3.6/site-packages/statsmodels/stats/stattools.py:46: RuntimeWarning: invalid value encountered in double_scalars
  dw = np.sum(diff_resids**2, axis=axis) / np.sum(resids**2, axis=axis)
py/bin_width_variation.py:307: RuntimeWarning: invalid value encountered in double_scalars
  signal_corr = cov_of_cond_expectations[j,k]/np.sqrt(np.var(cond_exp_dict[cell_ids[j]]) * np.var(cond_exp_dict[cell_ids[k]]))
2020-02-27T17:26:17.632081 INFO: Processing conditional correlations...
2020-02-27T17:59:06.014150 INFO: Conditional analysis frames and matrices saved.
2020-02-27T17:59:06.014162 INFO: Processing bin width 0.05...
/home/pgrads/td16954/linux/.local/lib/python3.6/site-packages/statsmodels/stats/stattools.py:46: RuntimeWarning: invalid value encountered in double_scalars
  dw = np.sum(diff_resids**2, axis=axis) / np.sum(resids**2, axis=axis)
py/bin_width_variation.py:307: RuntimeWarning: invalid value encountered in double_scalars
  signal_corr = cov_of_cond_expectations[j,k]/np.sqrt(np.var(cond_exp_dict[cell_ids[j]]) * np.var(cond_exp_dict[cell_ids[k]]))
2020-02-27T17:59:06.837356 INFO: Processing conditional correlations...
2020-02-27T18:21:58.847460 INFO: Conditional analysis frames and matrices saved.
2020-02-27T18:21:58.847470 INFO: Processing bin width 0.1...
py/bin_width_variation.py:307: RuntimeWarning: invalid value encountered in double_scalars
  signal_corr = cov_of_cond_expectations[j,k]/np.sqrt(np.var(cond_exp_dict[cell_ids[j]]) * np.var(cond_exp_dict[cell_ids[k]]))
2020-02-27T18:21:59.587387 INFO: Processing conditional correlations...
2020-02-27T18:40:35.387605 INFO: Conditional analysis frames and matrices saved.
2020-02-27T18:40:35.387615 INFO: Processing bin width 0.2...
py/bin_width_variation.py:307: RuntimeWarning: invalid value encountered in double_scalars
  signal_corr = cov_of_cond_expectations[j,k]/np.sqrt(np.var(cond_exp_dict[cell_ids[j]]) * np.var(cond_exp_dict[cell_ids[k]]))
2020-02-27T18:40:36.195158 INFO: Processing conditional correlations...
2020-02-27T18:58:15.612184 INFO: Conditional analysis frames and matrices saved.
2020-02-27T18:58:15.612194 INFO: Processing bin width 1.0...
py/bin_width_variation.py:307: RuntimeWarning: invalid value encountered in double_scalars
  signal_corr = cov_of_cond_expectations[j,k]/np.sqrt(np.var(cond_exp_dict[cell_ids[j]]) * np.var(cond_exp_dict[cell_ids[k]]))
2020-02-27T18:58:16.222855 INFO: Processing conditional correlations...
2020-02-27T19:21:51.510653 INFO: Conditional analysis frames and matrices saved.
2020-02-27T19:21:51.510663 INFO: Processing bin width 2.0...
py/bin_width_variation.py:307: RuntimeWarning: invalid value encountered in double_scalars
  signal_corr = cov_of_cond_expectations[j,k]/np.sqrt(np.var(cond_exp_dict[cell_ids[j]]) * np.var(cond_exp_dict[cell_ids[k]]))
2020-02-27T19:21:52.136894 INFO: Processing conditional correlations...
2020-02-27T19:42:20.763224 INFO: Conditional analysis frames and matrices saved.
2020-02-27T19:42:20.763236 INFO: Processing bin width 3.0...
py/bin_width_variation.py:307: RuntimeWarning: invalid value encountered in double_scalars
  signal_corr = cov_of_cond_expectations[j,k]/np.sqrt(np.var(cond_exp_dict[cell_ids[j]]) * np.var(cond_exp_dict[cell_ids[k]]))
2020-02-27T19:42:21.342283 INFO: Processing conditional correlations...
2020-02-27T19:59:15.836691 INFO: Conditional analysis frames and matrices saved.
2020-02-27T19:59:15.836713 INFO: Processing mouse Waksman...
2020-02-27T19:59:32.554227 INFO: Processing bin width 0.005...
py/bin_width_variation.py:307: RuntimeWarning: invalid value encountered in double_scalars
  signal_corr = cov_of_cond_expectations[j,k]/np.sqrt(np.var(cond_exp_dict[cell_ids[j]]) * np.var(cond_exp_dict[cell_ids[k]]))
2020-02-27T19:59:37.947026 INFO: Processing conditional correlations...
2020-02-27T20:53:21.924110 INFO: Conditional analysis frames and matrices saved.
2020-02-27T20:53:21.924120 INFO: Processing bin width 0.01...
py/bin_width_variation.py:307: RuntimeWarning: invalid value encountered in double_scalars
  signal_corr = cov_of_cond_expectations[j,k]/np.sqrt(np.var(cond_exp_dict[cell_ids[j]]) * np.var(cond_exp_dict[cell_ids[k]]))
2020-02-27T20:53:24.848759 INFO: Processing conditional correlations...
2020-02-27T21:43:37.684196 INFO: Conditional analysis frames and matrices saved.
2020-02-27T21:43:37.684207 INFO: Processing bin width 0.05...
py/bin_width_variation.py:307: RuntimeWarning: invalid value encountered in double_scalars
  signal_corr = cov_of_cond_expectations[j,k]/np.sqrt(np.var(cond_exp_dict[cell_ids[j]]) * np.var(cond_exp_dict[cell_ids[k]]))
2020-02-27T21:43:39.214267 INFO: Processing conditional correlations...
2020-02-27T22:13:49.959217 INFO: Conditional analysis frames and matrices saved.
2020-02-27T22:13:49.959228 INFO: Processing bin width 0.1...
py/bin_width_variation.py:307: RuntimeWarning: invalid value encountered in double_scalars
  signal_corr = cov_of_cond_expectations[j,k]/np.sqrt(np.var(cond_exp_dict[cell_ids[j]]) * np.var(cond_exp_dict[cell_ids[k]]))
2020-02-27T22:13:51.247148 INFO: Processing conditional correlations...
2020-02-27T22:35:39.733113 INFO: Conditional analysis frames and matrices saved.
2020-02-27T22:35:39.733124 INFO: Processing bin width 0.2...
py/bin_width_variation.py:307: RuntimeWarning: invalid value encountered in double_scalars
  signal_corr = cov_of_cond_expectations[j,k]/np.sqrt(np.var(cond_exp_dict[cell_ids[j]]) * np.var(cond_exp_dict[cell_ids[k]]))
2020-02-27T22:35:40.916040 INFO: Processing conditional correlations...
2020-02-27T22:54:29.578306 INFO: Conditional analysis frames and matrices saved.
2020-02-27T22:54:29.578317 INFO: Processing bin width 1.0...
py/bin_width_variation.py:307: RuntimeWarning: invalid value encountered in double_scalars
  signal_corr = cov_of_cond_expectations[j,k]/np.sqrt(np.var(cond_exp_dict[cell_ids[j]]) * np.var(cond_exp_dict[cell_ids[k]]))
2020-02-27T22:54:30.582041 INFO: Processing conditional correlations...
2020-02-27T23:14:35.425402 INFO: Conditional analysis frames and matrices saved.
2020-02-27T23:14:35.425413 INFO: Processing bin width 2.0...
py/bin_width_variation.py:307: RuntimeWarning: invalid value encountered in double_scalars
  signal_corr = cov_of_cond_expectations[j,k]/np.sqrt(np.var(cond_exp_dict[cell_ids[j]]) * np.var(cond_exp_dict[cell_ids[k]]))
2020-02-27T23:14:36.315706 INFO: Processing conditional correlations...
2020-02-27T23:38:23.170745 INFO: Conditional analysis frames and matrices saved.
2020-02-27T23:38:23.170756 INFO: Processing bin width 3.0...
py/bin_width_variation.py:307: RuntimeWarning: invalid value encountered in double_scalars
  signal_corr = cov_of_cond_expectations[j,k]/np.sqrt(np.var(cond_exp_dict[cell_ids[j]]) * np.var(cond_exp_dict[cell_ids[k]]))
2020-02-27T23:38:24.072720 INFO: Processing conditional correlations...
2020-02-28T00:02:37.038150 INFO: Conditional analysis frames and matrices saved.
2020-02-28T00:02:37.038167 INFO: Processing mouse Robbins...
2020-02-28T00:02:50.134205 INFO: Processing bin width 0.005...
py/bin_width_variation.py:307: RuntimeWarning: invalid value encountered in double_scalars
  signal_corr = cov_of_cond_expectations[j,k]/np.sqrt(np.var(cond_exp_dict[cell_ids[j]]) * np.var(cond_exp_dict[cell_ids[k]]))
2020-02-28T00:02:54.841778 INFO: Processing conditional correlations...
2020-02-28T00:51:55.119218 INFO: Conditional analysis frames and matrices saved.
2020-02-28T00:51:55.119230 INFO: Processing bin width 0.01...
py/bin_width_variation.py:307: RuntimeWarning: invalid value encountered in double_scalars
  signal_corr = cov_of_cond_expectations[j,k]/np.sqrt(np.var(cond_exp_dict[cell_ids[j]]) * np.var(cond_exp_dict[cell_ids[k]]))
2020-02-28T00:51:57.680667 INFO: Processing conditional correlations...
2020-02-28T01:37:54.929303 INFO: Conditional analysis frames and matrices saved.
2020-02-28T01:37:54.929316 INFO: Processing bin width 0.05...
py/bin_width_variation.py:307: RuntimeWarning: invalid value encountered in double_scalars
  signal_corr = cov_of_cond_expectations[j,k]/np.sqrt(np.var(cond_exp_dict[cell_ids[j]]) * np.var(cond_exp_dict[cell_ids[k]]))
2020-02-28T01:37:56.315134 INFO: Processing conditional correlations...
2020-02-28T02:06:14.955183 INFO: Conditional analysis frames and matrices saved.
2020-02-28T02:06:14.955194 INFO: Processing bin width 0.1...
py/bin_width_variation.py:307: RuntimeWarning: invalid value encountered in double_scalars
  signal_corr = cov_of_cond_expectations[j,k]/np.sqrt(np.var(cond_exp_dict[cell_ids[j]]) * np.var(cond_exp_dict[cell_ids[k]]))
2020-02-28T02:06:16.252116 INFO: Processing conditional correlations...
2020-02-28T02:27:35.322429 INFO: Conditional analysis frames and matrices saved.
2020-02-28T02:27:35.322441 INFO: Processing bin width 0.2...
py/bin_width_variation.py:307: RuntimeWarning: invalid value encountered in double_scalars
  signal_corr = cov_of_cond_expectations[j,k]/np.sqrt(np.var(cond_exp_dict[cell_ids[j]]) * np.var(cond_exp_dict[cell_ids[k]]))
2020-02-28T02:27:36.407073 INFO: Processing conditional correlations...
2020-02-28T02:47:08.670335 INFO: Conditional analysis frames and matrices saved.
2020-02-28T02:47:08.670345 INFO: Processing bin width 1.0...
py/bin_width_variation.py:307: RuntimeWarning: invalid value encountered in double_scalars
  signal_corr = cov_of_cond_expectations[j,k]/np.sqrt(np.var(cond_exp_dict[cell_ids[j]]) * np.var(cond_exp_dict[cell_ids[k]]))
2020-02-28T02:47:09.523922 INFO: Processing conditional correlations...
2020-02-28T03:11:15.051706 INFO: Conditional analysis frames and matrices saved.
2020-02-28T03:11:15.051718 INFO: Processing bin width 2.0...
py/bin_width_variation.py:307: RuntimeWarning: invalid value encountered in double_scalars
  signal_corr = cov_of_cond_expectations[j,k]/np.sqrt(np.var(cond_exp_dict[cell_ids[j]]) * np.var(cond_exp_dict[cell_ids[k]]))
2020-02-28T03:11:15.933255 INFO: Processing conditional correlations...
2020-02-28T03:47:10.994497 INFO: Conditional analysis frames and matrices saved.
2020-02-28T03:47:10.994510 INFO: Processing bin width 3.0...
py/bin_width_variation.py:307: RuntimeWarning: invalid value encountered in double_scalars
  signal_corr = cov_of_cond_expectations[j,k]/np.sqrt(np.var(cond_exp_dict[cell_ids[j]]) * np.var(cond_exp_dict[cell_ids[k]]))
py/bin_width_variation.py:307: RuntimeWarning: invalid value encountered in double_scalars
  signal_corr = cov_of_cond_expectations[j,k]/np.sqrt(np.var(cond_exp_dict[cell_ids[j]]) * np.var(cond_exp_dict[cell_ids[k]]))
2020-02-28T03:47:11.873764 INFO: Processing conditional correlations...
2020-02-28T04:09:44.177799 INFO: Conditional analysis frames and matrices saved.
2020-02-28T04:09:44.177813 INFO: Done.
