2019-11-28T00:15:32.976381 INFO: Starting main function...
2019-11-28T00:15:32.976430 INFO: Loading cell info...
2019-11-28T00:15:33.015063 INFO: Processing bin width 0.05...
2019-11-28T00:15:33.015104 INFO: Processing mouse name Krebs...
2019-11-28T00:15:33.323010 INFO: Calculating correlation matrix...
2019-11-28T00:15:34.656102 INFO: Sparsifying and rectifying...
2019-11-28T00:15:34.660340 INFO: Checking the data is symmetric...
2019-11-28T00:15:34.660945 INFO: Getting the biggest component...
2019-11-28T00:15:35.172155 INFO: Sampling from null model...
2019-11-28T00:15:41.312591 INFO: Constructing network modularity matrix...
2019-11-28T00:15:41.313945 INFO: Getting low dimensional space...
2019-11-28T00:15:41.348470 INFO: Splitting network into noise and signal...
2019-11-28T00:15:41.442240 INFO: Constructing final signal network without leaves...
2019-11-28T00:15:41.934741 INFO: Detecting communities...
2019-11-28T00:24:39.549249 INFO: Processing mouse name Waksman...
2019-11-28T00:24:39.852711 INFO: Calculating correlation matrix...
2019-11-28T00:24:41.147569 INFO: Sparsifying and rectifying...
2019-11-28T00:24:41.151526 INFO: Checking the data is symmetric...
2019-11-28T00:24:41.152112 INFO: Getting the biggest component...
2019-11-28T00:24:41.523758 INFO: Sampling from null model...
2019-11-28T00:24:47.221566 INFO: Constructing network modularity matrix...
2019-11-28T00:24:47.222894 INFO: Getting low dimensional space...
2019-11-28T00:24:47.257684 INFO: Splitting network into noise and signal...
2019-11-28T00:24:47.342997 INFO: Constructing final signal network without leaves...
2019-11-28T00:24:47.752116 INFO: Detecting communities...
2019-11-28T00:39:39.369551 INFO: Processing mouse name Robbins...
2019-11-28T00:39:39.674000 INFO: Calculating correlation matrix...
2019-11-28T00:39:40.973421 INFO: Sparsifying and rectifying...
2019-11-28T00:39:40.978047 INFO: Checking the data is symmetric...
2019-11-28T00:39:40.978685 INFO: Getting the biggest component...
2019-11-28T00:39:41.474702 INFO: Sampling from null model...
2019-11-28T00:39:47.303527 INFO: Constructing network modularity matrix...
2019-11-28T00:39:47.304875 INFO: Getting low dimensional space...
2019-11-28T00:39:47.340263 INFO: Splitting network into noise and signal...
2019-11-28T00:39:47.422839 INFO: Constructing final signal network without leaves...
2019-11-28T00:39:47.921573 INFO: Detecting communities...
2019-11-28T00:43:13.152433 INFO: Processing bin width 0.2...
2019-11-28T00:43:13.152448 INFO: Processing mouse name Krebs...
2019-11-28T00:43:13.413677 INFO: Calculating correlation matrix...
2019-11-28T00:43:14.699908 INFO: Sparsifying and rectifying...
2019-11-28T00:43:14.703670 INFO: Checking the data is symmetric...
2019-11-28T00:43:14.704288 INFO: Getting the biggest component...
2019-11-28T00:43:15.218759 INFO: Sampling from null model...
2019-11-28T00:43:21.244330 INFO: Constructing network modularity matrix...
2019-11-28T00:43:21.245678 INFO: Getting low dimensional space...
2019-11-28T00:43:21.311960 INFO: Splitting network into noise and signal...
2019-11-28T00:43:21.451584 INFO: Constructing final signal network without leaves...
2019-11-28T00:43:21.973409 INFO: Detecting communities...
2019-11-28T00:53:59.349719 INFO: Processing mouse name Waksman...
2019-11-28T00:53:59.617796 INFO: Calculating correlation matrix...
2019-11-28T00:54:00.913736 INFO: Sparsifying and rectifying...
2019-11-28T00:54:00.918360 INFO: Checking the data is symmetric...
2019-11-28T00:54:00.918943 INFO: Getting the biggest component...
2019-11-28T00:54:01.313967 INFO: Sampling from null model...
2019-11-28T00:54:06.990717 INFO: Constructing network modularity matrix...
2019-11-28T00:54:06.992109 INFO: Getting low dimensional space...
2019-11-28T00:54:07.057200 INFO: Splitting network into noise and signal...
2019-11-28T00:54:07.198303 INFO: Constructing final signal network without leaves...
2019-11-28T00:54:07.612649 INFO: Detecting communities...
2019-11-28T01:46:05.006507 WARN: Not converged after 50 reps. Exiting...
Traceback (most recent call last):
  File "py/detect_communities.py", line 128, in <module>
    signal_final_cell_info['consensus_cluster'] = consensus_clustering
  File "/home/pgrads/td16954/linux/.local/lib/python3.6/site-packages/pandas/core/frame.py", line 3467, in __setitem__
    self._set_item(key, value)
  File "/home/pgrads/td16954/linux/.local/lib/python3.6/site-packages/pandas/core/frame.py", line 3544, in _set_item
    value = self._sanitize_column(key, value)
  File "/home/pgrads/td16954/linux/.local/lib/python3.6/site-packages/pandas/core/frame.py", line 3729, in _sanitize_column
    value = sanitize_index(value, self.index, copy=False)
  File "/home/pgrads/td16954/linux/.local/lib/python3.6/site-packages/pandas/core/internals/construction.py", line 612, in sanitize_index
    raise ValueError("Length of values does not match length of index")
ValueError: Length of values does not match length of index
