2019-11-27T17:30:46.135076 INFO: Starting main function...
2019-11-27T17:30:46.135113 INFO: Loading cell info...
2019-11-27T17:30:46.175055 INFO: Processing bin width 0.05...
2019-11-27T17:30:46.175100 INFO: Processing mouse name Krebs...
2019-11-27T17:30:46.483794 INFO: Calculating correlation matrix...
2019-11-27T17:30:47.790883 INFO: Sparsifying and rectifying...
2019-11-27T17:30:47.795062 INFO: Checking the data is symmetric...
2019-11-27T17:30:47.795651 INFO: Getting the biggest component...
2019-11-27T17:30:48.312167 INFO: Sampling from null model...
2019-11-27T17:30:54.399779 INFO: Constructing network modularity matrix...
2019-11-27T17:30:54.401187 INFO: Getting low dimensional space...
2019-11-27T17:30:54.436378 INFO: Splitting network into noise and signal...
2019-11-27T17:30:54.532335 INFO: Constructing final signal network without leaves...
2019-11-27T17:30:55.039671 INFO: Detecting communities...
2019-11-27T17:41:11.903233 INFO: Processing mouse name Waksman...
2019-11-27T17:41:12.220317 INFO: Calculating correlation matrix...
2019-11-27T17:41:13.513034 INFO: Sparsifying and rectifying...
2019-11-27T17:41:13.517142 INFO: Checking the data is symmetric...
2019-11-27T17:41:13.517721 INFO: Getting the biggest component...
2019-11-27T17:41:13.910407 INFO: Sampling from null model...
2019-11-27T17:41:19.634208 INFO: Constructing network modularity matrix...
2019-11-27T17:41:19.635557 INFO: Getting low dimensional space...
2019-11-27T17:41:19.671763 INFO: Splitting network into noise and signal...
2019-11-27T17:41:19.759922 INFO: Constructing final signal network without leaves...
2019-11-27T17:41:20.187587 INFO: Detecting communities...
2019-11-27T17:43:36.447354 INFO: Processing mouse name Robbins...
2019-11-27T17:43:36.788745 INFO: Calculating correlation matrix...
2019-11-27T17:43:38.080962 INFO: Sparsifying and rectifying...
2019-11-27T17:43:38.085526 INFO: Checking the data is symmetric...
2019-11-27T17:43:38.086119 INFO: Getting the biggest component...
2019-11-27T17:43:38.579811 INFO: Sampling from null model...
2019-11-27T17:43:44.465339 INFO: Constructing network modularity matrix...
2019-11-27T17:43:44.466854 INFO: Getting low dimensional space...
2019-11-27T17:43:44.502398 INFO: Splitting network into noise and signal...
2019-11-27T17:43:44.592520 INFO: Constructing final signal network without leaves...
2019-11-27T17:43:45.095853 INFO: Detecting communities...
2019-11-27T17:44:29.005411 INFO: Processing bin width 0.2...
2019-11-27T17:44:29.005426 INFO: Processing mouse name Krebs...
2019-11-27T17:44:29.219969 INFO: Calculating correlation matrix...
2019-11-27T17:44:30.519338 INFO: Sparsifying and rectifying...
2019-11-27T17:44:30.523099 INFO: Checking the data is symmetric...
2019-11-27T17:44:30.523686 INFO: Getting the biggest component...
2019-11-27T17:44:31.044640 INFO: Sampling from null model...
2019-11-27T17:44:37.084911 INFO: Constructing network modularity matrix...
2019-11-27T17:44:37.086280 INFO: Getting low dimensional space...
2019-11-27T17:44:37.174457 INFO: Splitting network into noise and signal...
2019-11-27T17:44:37.263467 INFO: Constructing final signal network without leaves...
2019-11-27T17:44:37.779447 INFO: Detecting communities...
2019-11-27T17:54:28.051620 INFO: Processing mouse name Waksman...
2019-11-27T17:54:28.308987 INFO: Calculating correlation matrix...
2019-11-27T17:54:29.603376 INFO: Sparsifying and rectifying...
2019-11-27T17:54:29.608044 INFO: Checking the data is symmetric...
2019-11-27T17:54:29.608673 INFO: Getting the biggest component...
2019-11-27T17:54:30.026356 INFO: Sampling from null model...
2019-11-27T17:54:35.855920 INFO: Constructing network modularity matrix...
2019-11-27T17:54:35.857263 INFO: Getting low dimensional space...
2019-11-27T17:54:35.929590 INFO: Splitting network into noise and signal...
2019-11-27T17:54:36.067810 INFO: Constructing final signal network without leaves...
2019-11-27T17:54:36.504252 INFO: Detecting communities...
2019-11-27T17:56:24.164043 INFO: Processing mouse name Robbins...
2019-11-27T17:56:24.374306 INFO: Calculating correlation matrix...
2019-11-27T17:56:25.655163 INFO: Sparsifying and rectifying...
2019-11-27T17:56:25.658905 INFO: Checking the data is symmetric...
2019-11-27T17:56:25.659524 INFO: Getting the biggest component...
2019-11-27T17:56:26.168537 INFO: Sampling from null model...
2019-11-27T17:56:32.328344 INFO: Constructing network modularity matrix...
2019-11-27T17:56:32.329693 INFO: Getting low dimensional space...
2019-11-27T17:56:32.365163 INFO: Splitting network into noise and signal...
2019-11-27T17:56:32.447273 INFO: Constructing final signal network without leaves...
2019-11-27T17:56:32.955515 INFO: Detecting communities...
Traceback (most recent call last):
  File "py/detect_communities.py", line 127, in <module>
    max_mod_cluster, max_modularity, consensus_clustering, consensus_modularity, consensus_iterations = nnr.consensusCommunityDetect(final_weighted_adjacency_matrix, signal_expected_wcm, exceeding_space_dims+1, exceeding_space_dims+1)
  File "/space/td16954/Network_Noise_Rejection_Python/network_analysis_functions.py", line 230, in consensusCommunityDetect
    consensus_matrix = bct.agreement(allowed_clusterings) / float(kmeans_clusterings.shape[1])
  File "/home/pgrads/td16954/linux/.local/lib/python3.6/site-packages/bct/algorithms/clustering.py", line 42, in agreement
    ind = dummyvar(ci)
  File "/home/pgrads/td16954/linux/.local/lib/python3.6/site-packages/bct/utils/miscellaneous_utilities.py", line 76, in dummyvar
    s_cis = cis[ix][:, range(m), range(m)]
numpy.core._exceptions.MemoryError: Unable to allocate array with shape (494, 2300, 2300) and data type int64
