2019-12-03T13:47:29.737931 INFO: Starting main function...
2019-12-03T13:47:29.737970 INFO: Loading cell info...
2019-12-03T13:47:29.762190 INFO: Processing bin width 0.05...
2019-12-03T13:47:29.762231 INFO: Processing mouse name Krebs...
2019-12-03T13:47:30.090500 INFO: Calculating correlation matrix...
2019-12-03T13:47:31.442046 INFO: Sparsifying and rectifying...
2019-12-03T13:47:31.446213 INFO: Checking the data is symmetric...
2019-12-03T13:47:31.446792 INFO: Getting the biggest component...
2019-12-03T13:47:31.971531 INFO: Sampling from null model...
2019-12-03T13:47:41.882511 INFO: Constructing network modularity matrix...
2019-12-03T13:47:41.883860 INFO: Getting low dimensional space...
2019-12-03T13:47:41.974319 INFO: Splitting network into noise and signal...
2019-12-03T13:47:42.212577 INFO: Constructing final signal network without leaves...
2019-12-03T13:47:42.726764 INFO: Detecting communities...
2019-12-03T13:55:13.797645 INFO: Processing mouse name Waksman...
2019-12-03T13:55:14.062086 INFO: Calculating correlation matrix...
2019-12-03T13:55:15.312105 INFO: Sparsifying and rectifying...
2019-12-03T13:55:15.316080 INFO: Checking the data is symmetric...
2019-12-03T13:55:15.316661 INFO: Getting the biggest component...
2019-12-03T13:55:15.692288 INFO: Sampling from null model...
2019-12-03T13:55:21.219216 INFO: Constructing network modularity matrix...
2019-12-03T13:55:21.220622 INFO: Getting low dimensional space...
2019-12-03T13:55:21.253668 INFO: Splitting network into noise and signal...
2019-12-03T13:55:21.337958 INFO: Constructing final signal network without leaves...
2019-12-03T13:55:21.742294 INFO: Detecting communities...
2019-12-03T14:00:54.110200 INFO: Processing mouse name Robbins...
2019-12-03T14:00:54.399275 INFO: Calculating correlation matrix...
2019-12-03T14:00:55.637028 INFO: Sparsifying and rectifying...
2019-12-03T14:00:55.641608 INFO: Checking the data is symmetric...
2019-12-03T14:00:55.642230 INFO: Getting the biggest component...
2019-12-03T14:00:56.118261 INFO: Sampling from null model...
2019-12-03T14:01:03.390691 INFO: Constructing network modularity matrix...
2019-12-03T14:01:03.391954 INFO: Getting low dimensional space...
2019-12-03T14:01:03.492548 INFO: Splitting network into noise and signal...
2019-12-03T14:01:03.654810 INFO: Constructing final signal network without leaves...
2019-12-03T14:01:04.138134 INFO: Detecting communities...
2019-12-03T14:01:40.581476 INFO: Processing bin width 0.2...
2019-12-03T14:01:40.581491 INFO: Processing mouse name Krebs...
2019-12-03T14:01:40.785706 INFO: Calculating correlation matrix...
2019-12-03T14:01:42.026904 INFO: Sparsifying and rectifying...
2019-12-03T14:01:42.030736 INFO: Checking the data is symmetric...
2019-12-03T14:01:42.031360 INFO: Getting the biggest component...
2019-12-03T14:01:42.540353 INFO: Sampling from null model...
2019-12-03T14:01:49.507671 INFO: Constructing network modularity matrix...
2019-12-03T14:01:49.509106 INFO: Getting low dimensional space...
2019-12-03T14:01:49.576284 INFO: Splitting network into noise and signal...
2019-12-03T14:01:49.721260 INFO: Constructing final signal network without leaves...
2019-12-03T14:01:50.233883 INFO: Detecting communities...
2019-12-03T14:12:47.266017 INFO: Processing mouse name Waksman...
2019-12-03T14:12:47.505399 INFO: Calculating correlation matrix...
2019-12-03T14:12:48.743777 INFO: Sparsifying and rectifying...
2019-12-03T14:12:48.748361 INFO: Checking the data is symmetric...
2019-12-03T14:12:48.748975 INFO: Getting the biggest component...
2019-12-03T14:12:49.137416 INFO: Sampling from null model...
2019-12-03T14:12:54.650849 INFO: Constructing network modularity matrix...
2019-12-03T14:12:54.652206 INFO: Getting low dimensional space...
2019-12-03T14:12:54.685391 INFO: Splitting network into noise and signal...
2019-12-03T14:12:54.767206 INFO: Constructing final signal network without leaves...
2019-12-03T14:12:55.175240 INFO: Detecting communities...
2019-12-03T14:14:57.672849 INFO: Processing mouse name Robbins...
2019-12-03T14:14:57.827560 INFO: Calculating correlation matrix...
2019-12-03T14:14:59.059026 INFO: Sparsifying and rectifying...
2019-12-03T14:14:59.062746 INFO: Checking the data is symmetric...
2019-12-03T14:14:59.063359 INFO: Getting the biggest component...
2019-12-03T14:14:59.552819 INFO: Sampling from null model...
2019-12-03T14:15:05.569814 INFO: Constructing network modularity matrix...
2019-12-03T14:15:05.571169 INFO: Getting low dimensional space...
2019-12-03T14:15:05.604200 INFO: Splitting network into noise and signal...
2019-12-03T14:15:05.685028 INFO: Constructing final signal network without leaves...
2019-12-03T14:15:06.184182 INFO: Detecting communities...
2019-12-03T14:41:17.151358 INFO: Processing bin width 1.0...
2019-12-03T14:41:17.151406 INFO: Processing mouse name Krebs...
2019-12-03T14:41:17.395241 INFO: Calculating correlation matrix...
2019-12-03T14:41:18.629208 INFO: Sparsifying and rectifying...
2019-12-03T14:41:18.633360 INFO: Checking the data is symmetric...
2019-12-03T14:41:18.633935 INFO: Getting the biggest component...
2019-12-03T14:41:19.128148 INFO: Sampling from null model...
2019-12-03T14:41:24.752616 INFO: Constructing network modularity matrix...
2019-12-03T14:41:24.753989 INFO: Getting low dimensional space...
2019-12-03T14:41:24.788113 INFO: Splitting network into noise and signal...
2019-12-03T14:41:24.869743 INFO: Constructing final signal network without leaves...
2019-12-03T14:41:25.374642 INFO: Detecting communities...
2019-12-03T14:41:45.443017 INFO: Processing mouse name Waksman...
2019-12-03T14:41:45.672698 INFO: Calculating correlation matrix...
2019-12-03T14:41:46.917289 INFO: Sparsifying and rectifying...
2019-12-03T14:41:46.921339 INFO: Checking the data is symmetric...
2019-12-03T14:41:46.921911 INFO: Getting the biggest component...
2019-12-03T14:41:47.305620 INFO: Sampling from null model...
2019-12-03T14:41:52.628181 INFO: Constructing network modularity matrix...
2019-12-03T14:41:52.629544 INFO: Getting low dimensional space...
2019-12-03T14:41:52.663743 INFO: Splitting network into noise and signal...
2019-12-03T14:41:52.746835 INFO: Constructing final signal network without leaves...
2019-12-03T14:41:53.154971 INFO: Detecting communities...
2019-12-03T14:48:47.659624 INFO: Processing mouse name Robbins...
2019-12-03T14:48:47.885412 INFO: Calculating correlation matrix...
2019-12-03T14:48:49.122194 INFO: Sparsifying and rectifying...
2019-12-03T14:48:49.126530 INFO: Checking the data is symmetric...
2019-12-03T14:48:49.127126 INFO: Getting the biggest component...
2019-12-03T14:48:49.619272 INFO: Sampling from null model...
2019-12-03T14:48:55.258198 INFO: Constructing network modularity matrix...
2019-12-03T14:48:55.259559 INFO: Getting low dimensional space...
2019-12-03T14:48:55.293195 INFO: Splitting network into noise and signal...
2019-12-03T14:48:55.371930 INFO: Constructing final signal network without leaves...
2019-12-03T14:48:55.869624 INFO: Detecting communities...
2019-12-03T14:52:57.092464 INFO: Processing bin width 2.0...
2019-12-03T14:52:57.092477 INFO: Processing mouse name Krebs...
2019-12-03T14:52:57.321358 INFO: Calculating correlation matrix...
2019-12-03T14:52:58.567928 INFO: Sparsifying and rectifying...
2019-12-03T14:52:58.571570 INFO: Checking the data is symmetric...
2019-12-03T14:52:58.572152 INFO: Getting the biggest component...
2019-12-03T14:52:59.074849 INFO: Sampling from null model...
2019-12-03T14:53:04.763369 INFO: Constructing network modularity matrix...
2019-12-03T14:53:04.764729 INFO: Getting low dimensional space...
2019-12-03T14:53:04.799118 INFO: Splitting network into noise and signal...
2019-12-03T14:53:04.886643 INFO: Constructing final signal network without leaves...
2019-12-03T14:53:05.392960 INFO: Detecting communities...
2019-12-03T14:53:13.271763 INFO: Processing mouse name Waksman...
2019-12-03T14:53:13.502532 INFO: Calculating correlation matrix...
2019-12-03T14:53:14.743390 INFO: Sparsifying and rectifying...
2019-12-03T14:53:14.747710 INFO: Checking the data is symmetric...
2019-12-03T14:53:14.748322 INFO: Getting the biggest component...
2019-12-03T14:53:15.130070 INFO: Sampling from null model...
2019-12-03T14:53:20.748228 INFO: Constructing network modularity matrix...
2019-12-03T14:53:20.749593 INFO: Getting low dimensional space...
2019-12-03T14:53:20.783367 INFO: Splitting network into noise and signal...
2019-12-03T14:53:20.864278 INFO: Constructing final signal network without leaves...
2019-12-03T14:53:21.274069 INFO: Detecting communities...
2019-12-03T15:00:12.971836 INFO: Processing mouse name Robbins...
2019-12-03T15:00:13.195158 INFO: Calculating correlation matrix...
2019-12-03T15:00:14.504783 INFO: Sparsifying and rectifying...
2019-12-03T15:00:14.508892 INFO: Checking the data is symmetric...
2019-12-03T15:00:14.509471 INFO: Getting the biggest component...
2019-12-03T15:00:14.990448 INFO: Sampling from null model...
2019-12-03T15:00:21.834409 INFO: Constructing network modularity matrix...
2019-12-03T15:00:21.835382 INFO: Getting low dimensional space...
2019-12-03T15:00:21.872190 INFO: Splitting network into noise and signal...
2019-12-03T15:00:22.007028 INFO: Constructing final signal network without leaves...
2019-12-03T15:00:22.776780 INFO: Detecting communities...
2019-12-03T15:04:27.518819 INFO: Processing bin width 3.0...
2019-12-03T15:04:27.518832 INFO: Processing mouse name Krebs...
2019-12-03T15:04:27.721600 INFO: Calculating correlation matrix...
2019-12-03T15:04:28.962402 INFO: Sparsifying and rectifying...
2019-12-03T15:04:28.966510 INFO: Checking the data is symmetric...
2019-12-03T15:04:28.967120 INFO: Getting the biggest component...
2019-12-03T15:04:29.413092 INFO: Sampling from null model...
2019-12-03T15:04:35.090034 INFO: Constructing network modularity matrix...
2019-12-03T15:04:35.091422 INFO: Getting low dimensional space...
2019-12-03T15:04:35.148004 INFO: Splitting network into noise and signal...
2019-12-03T15:04:35.226455 INFO: Constructing final signal network without leaves...
2019-12-03T15:04:35.749125 INFO: Detecting communities...
2019-12-03T15:04:40.544574 INFO: Processing mouse name Waksman...
2019-12-03T15:04:40.749810 INFO: Calculating correlation matrix...
2019-12-03T15:04:41.999837 INFO: Sparsifying and rectifying...
2019-12-03T15:04:42.004411 INFO: Checking the data is symmetric...
2019-12-03T15:04:42.005052 INFO: Getting the biggest component...
2019-12-03T15:04:42.386248 INFO: Sampling from null model...
2019-12-03T15:04:47.863782 INFO: Constructing network modularity matrix...
2019-12-03T15:04:47.865174 INFO: Getting low dimensional space...
2019-12-03T15:04:47.910889 INFO: Splitting network into noise and signal...
2019-12-03T15:04:48.051214 INFO: Constructing final signal network without leaves...
2019-12-03T15:04:48.451442 INFO: Detecting communities...
2019-12-03T15:12:09.901481 INFO: Processing mouse name Robbins...
2019-12-03T15:12:10.101874 INFO: Calculating correlation matrix...
2019-12-03T15:12:11.346539 INFO: Sparsifying and rectifying...
2019-12-03T15:12:11.350864 INFO: Checking the data is symmetric...
2019-12-03T15:12:11.351457 INFO: Getting the biggest component...
2019-12-03T15:12:11.833523 INFO: Sampling from null model...
2019-12-03T15:12:17.901116 INFO: Constructing network modularity matrix...
2019-12-03T15:12:17.902471 INFO: Getting low dimensional space...
2019-12-03T15:12:17.998151 INFO: Splitting network into noise and signal...
2019-12-03T15:12:18.164711 INFO: Constructing final signal network without leaves...
2019-12-03T15:12:18.648311 INFO: Detecting communities...
2019-12-03T15:13:41.722560 INFO: /space/td16954/Eight_Probe/csv/community_detection_summary/community_detection_summary_rectified.csv saved.
2019-12-03T15:13:41.722570 INFO: Done.
