2019-11-28T18:57:03.565444 INFO: Starting main function...
2019-11-28T18:57:03.565463 INFO: Loading cell info...
2019-11-28T18:57:03.577265 INFO: Processing bin width 0.05...
2019-11-28T18:57:03.577290 INFO: Processing mouse name Krebs...
2019-11-28T18:57:03.773792 INFO: Calculating correlation matrix...
2019-11-28T18:57:05.085690 INFO: Sparsifying and rectifying...
2019-11-28T18:57:05.089887 INFO: Checking the data is symmetric...
2019-11-28T18:57:05.090489 INFO: Getting the biggest component...
2019-11-28T18:57:05.704777 INFO: Sampling from null model...
2019-11-28T18:57:11.605293 INFO: Constructing network modularity matrix...
2019-11-28T18:57:11.606729 INFO: Getting low dimensional space...
2019-11-28T18:57:11.640183 INFO: Splitting network into noise and signal...
2019-11-28T18:57:11.730738 INFO: Constructing final signal network without leaves...
2019-11-28T18:57:12.231656 INFO: Detecting communities...
2019-11-28T19:02:58.807462 INFO: Processing mouse name Waksman...
2019-11-28T19:02:59.019241 INFO: Calculating correlation matrix...
2019-11-28T19:03:00.321798 INFO: Sparsifying and rectifying...
2019-11-28T19:03:00.326243 INFO: Checking the data is symmetric...
2019-11-28T19:03:00.326871 INFO: Getting the biggest component...
2019-11-28T19:03:00.699564 INFO: Sampling from null model...
2019-11-28T19:03:06.262011 INFO: Constructing network modularity matrix...
2019-11-28T19:03:06.263364 INFO: Getting low dimensional space...
2019-11-28T19:03:06.296902 INFO: Splitting network into noise and signal...
2019-11-28T19:03:06.382749 INFO: Constructing final signal network without leaves...
2019-11-28T19:03:06.786564 INFO: Detecting communities...
2019-11-28T19:10:25.870363 INFO: Processing mouse name Robbins...
2019-11-28T19:10:26.057408 INFO: Calculating correlation matrix...
2019-11-28T19:10:27.377739 INFO: Sparsifying and rectifying...
2019-11-28T19:10:27.382300 INFO: Checking the data is symmetric...
2019-11-28T19:10:27.382880 INFO: Getting the biggest component...
2019-11-28T19:10:27.877306 INFO: Sampling from null model...
2019-11-28T19:10:33.992595 INFO: Constructing network modularity matrix...
2019-11-28T19:10:33.993943 INFO: Getting low dimensional space...
2019-11-28T19:10:34.055357 INFO: Splitting network into noise and signal...
2019-11-28T19:10:34.196175 INFO: Constructing final signal network without leaves...
2019-11-28T19:10:34.699051 INFO: Detecting communities...
2019-11-28T19:12:47.505560 INFO: Processing bin width 0.2...
2019-11-28T19:12:47.505572 INFO: Processing mouse name Krebs...
2019-11-28T19:12:47.725831 INFO: Calculating correlation matrix...
2019-11-28T19:12:49.006795 INFO: Sparsifying and rectifying...
2019-11-28T19:12:49.010587 INFO: Checking the data is symmetric...
2019-11-28T19:12:49.011195 INFO: Getting the biggest component...
2019-11-28T19:12:49.521088 INFO: Sampling from null model...
2019-11-28T19:12:55.251065 INFO: Constructing network modularity matrix...
2019-11-28T19:12:55.252409 INFO: Getting low dimensional space...
2019-11-28T19:12:55.285942 INFO: Splitting network into noise and signal...
2019-11-28T19:12:55.370268 INFO: Constructing final signal network without leaves...
2019-11-28T19:12:55.884056 INFO: Detecting communities...
2019-11-28T19:21:56.278476 INFO: Processing mouse name Waksman...
2019-11-28T19:21:56.457980 INFO: Calculating correlation matrix...
2019-11-28T19:21:57.734530 INFO: Sparsifying and rectifying...
2019-11-28T19:21:57.739144 INFO: Checking the data is symmetric...
2019-11-28T19:21:57.739729 INFO: Getting the biggest component...
2019-11-28T19:21:58.135974 INFO: Sampling from null model...
2019-11-28T19:22:03.679951 INFO: Constructing network modularity matrix...
2019-11-28T19:22:03.681313 INFO: Getting low dimensional space...
2019-11-28T19:22:03.714699 INFO: Splitting network into noise and signal...
2019-11-28T19:22:03.796256 INFO: Constructing final signal network without leaves...
2019-11-28T19:22:04.209936 INFO: Detecting communities...
2019-11-28T19:26:58.485612 INFO: Processing mouse name Robbins...
2019-11-28T19:26:58.729060 INFO: Calculating correlation matrix...
2019-11-28T19:27:00.010801 INFO: Sparsifying and rectifying...
2019-11-28T19:27:00.014518 INFO: Checking the data is symmetric...
2019-11-28T19:27:00.015118 INFO: Getting the biggest component...
2019-11-28T19:27:00.511592 INFO: Sampling from null model...
2019-11-28T19:27:06.262035 INFO: Constructing network modularity matrix...
2019-11-28T19:27:06.263390 INFO: Getting low dimensional space...
2019-11-28T19:27:06.296887 INFO: Splitting network into noise and signal...
2019-11-28T19:27:06.381068 INFO: Constructing final signal network without leaves...
2019-11-28T19:27:06.888563 INFO: Detecting communities...
Traceback (most recent call last):
  File "py/detect_communities.py", line 127, in <module>
    max_mod_cluster, max_modularity, consensus_clustering, consensus_modularity, consensus_iterations = nnr.consensusCommunityDetect(final_weighted_adjacency_matrix, signal_expected_wcm, exceeding_space_dims+1, exceeding_space_dims+1)
  File "/space/td16954/Network_Noise_Rejection_Python/network_analysis_functions.py", line 230, in consensusCommunityDetect
    consensus_matrix = bct.agreement(allowed_clusterings) / float(kmeans_clusterings.shape[1])
  File "/home/pgrads/td16954/linux/.local/lib/python3.6/site-packages/bct/algorithms/clustering.py", line 42, in agreement
    ind = dummyvar(ci)
  File "/home/pgrads/td16954/linux/.local/lib/python3.6/site-packages/bct/utils/miscellaneous_utilities.py", line 76, in dummyvar
    s_cis = cis[ix][:, range(m), range(m)]
numpy.core._exceptions.MemoryError: Unable to allocate array with shape (495, 2700, 2700) and data type int64
