2019-11-25T22:10:21.467480 INFO: Starting main function...
2019-11-25T22:10:21.467544 INFO: Loading cell info...
2019-11-25T22:10:21.512803 INFO: Processing bin width 0.05...
2019-11-25T22:10:21.512850 INFO: Processing mouse name Krebs...
2019-11-25T22:10:21.832368 INFO: Calculating correlation matrix...
2019-11-25T22:10:23.146748 INFO: Sparsifying and rectifying...
2019-11-25T22:10:23.150815 INFO: Checking the data is symmetric...
2019-11-25T22:10:23.151392 INFO: Getting the biggest component...
2019-11-25T22:10:23.640685 INFO: Sampling from null model...
2019-11-25T22:10:28.486448 INFO: Constructing network modularity matrix...
2019-11-25T22:10:28.487728 INFO: Getting low dimensional space...
2019-11-25T22:10:28.520400 INFO: Splitting network into noise and signal...
2019-11-25T22:10:28.608470 INFO: Constructing final signal network without leaves...
2019-11-25T22:10:29.101897 INFO: Detecting communities...
2019-11-25T22:16:44.521949 INFO: Processing mouse name Waksman...
2019-11-25T22:16:44.807238 INFO: Calculating correlation matrix...
2019-11-25T22:16:46.077043 INFO: Sparsifying and rectifying...
2019-11-25T22:16:46.081014 INFO: Checking the data is symmetric...
2019-11-25T22:16:46.081586 INFO: Getting the biggest component...
2019-11-25T22:16:46.446242 INFO: Sampling from null model...
2019-11-25T22:16:51.243046 INFO: Constructing network modularity matrix...
2019-11-25T22:16:51.244402 INFO: Getting low dimensional space...
2019-11-25T22:16:51.277299 INFO: Splitting network into noise and signal...
2019-11-25T22:16:51.360123 INFO: Constructing final signal network without leaves...
2019-11-25T22:16:51.758618 INFO: Detecting communities...
2019-11-25T22:21:28.941543 INFO: Processing mouse name Robbins...
2019-11-25T22:21:29.195929 INFO: Calculating correlation matrix...
2019-11-25T22:21:30.468846 INFO: Sparsifying and rectifying...
2019-11-25T22:21:30.473325 INFO: Checking the data is symmetric...
2019-11-25T22:21:30.473905 INFO: Getting the biggest component...
2019-11-25T22:21:30.960753 INFO: Sampling from null model...
2019-11-25T22:21:35.789148 INFO: Constructing network modularity matrix...
2019-11-25T22:21:35.790434 INFO: Getting low dimensional space...
2019-11-25T22:21:35.822927 INFO: Splitting network into noise and signal...
2019-11-25T22:21:35.902403 INFO: Constructing final signal network without leaves...
2019-11-25T22:21:36.397012 INFO: Detecting communities...
2019-11-25T22:22:46.696875 INFO: Processing bin width 0.2...
2019-11-25T22:22:46.696888 INFO: Processing mouse name Krebs...
2019-11-25T22:22:46.937107 INFO: Calculating correlation matrix...
2019-11-25T22:22:48.186044 INFO: Sparsifying and rectifying...
2019-11-25T22:22:48.189758 INFO: Checking the data is symmetric...
2019-11-25T22:22:48.190347 INFO: Getting the biggest component...
2019-11-25T22:22:48.689665 INFO: Sampling from null model...
2019-11-25T22:22:53.560329 INFO: Constructing network modularity matrix...
2019-11-25T22:22:53.561606 INFO: Getting low dimensional space...
2019-11-25T22:22:53.594604 INFO: Splitting network into noise and signal...
2019-11-25T22:22:53.677631 INFO: Constructing final signal network without leaves...
2019-11-25T22:22:54.179476 INFO: Detecting communities...
2019-11-25T22:40:19.665641 INFO: Processing mouse name Waksman...
2019-11-25T22:40:19.899595 INFO: Calculating correlation matrix...
2019-11-25T22:40:21.161945 INFO: Sparsifying and rectifying...
2019-11-25T22:40:21.166587 INFO: Checking the data is symmetric...
2019-11-25T22:40:21.167187 INFO: Getting the biggest component...
2019-11-25T22:40:21.550509 INFO: Sampling from null model...
2019-11-25T22:40:26.288708 INFO: Constructing network modularity matrix...
2019-11-25T22:40:26.290082 INFO: Getting low dimensional space...
2019-11-25T22:40:26.322824 INFO: Splitting network into noise and signal...
2019-11-25T22:40:26.402994 INFO: Constructing final signal network without leaves...
2019-11-25T22:40:26.803101 INFO: Detecting communities...
2019-11-25T22:42:57.319103 INFO: Processing mouse name Robbins...
2019-11-25T22:42:57.539787 INFO: Calculating correlation matrix...
2019-11-25T22:42:58.813850 INFO: Sparsifying and rectifying...
2019-11-25T22:42:58.817550 INFO: Checking the data is symmetric...
2019-11-25T22:42:58.818140 INFO: Getting the biggest component...
2019-11-25T22:42:59.316631 INFO: Sampling from null model...
2019-11-25T22:43:04.261671 INFO: Constructing network modularity matrix...
2019-11-25T22:43:04.263040 INFO: Getting low dimensional space...
2019-11-25T22:43:04.296079 INFO: Splitting network into noise and signal...
2019-11-25T22:43:04.376549 INFO: Constructing final signal network without leaves...
2019-11-25T22:43:04.878689 INFO: Detecting communities...
Traceback (most recent call last):
  File "py/detect_communities.py", line 127, in <module>
    max_mod_cluster, max_modularity, consensus_clustering, consensus_modularity, consensus_iterations = nnr.consensusCommunityDetect(final_weighted_adjacency_matrix, signal_expected_wcm, exceeding_space_dims+1, exceeding_space_dims+1)
  File "/space/td16954/Network_Noise_Rejection_Python/network_analysis_functions.py", line 230, in consensusCommunityDetect
    consensus_matrix = bct.agreement(allowed_clusterings) / float(kmeans_clusterings.shape[1])
  File "/home/pgrads/td16954/linux/.local/lib/python3.6/site-packages/bct/algorithms/clustering.py", line 42, in agreement
    ind = dummyvar(ci)
  File "/home/pgrads/td16954/linux/.local/lib/python3.6/site-packages/bct/utils/miscellaneous_utilities.py", line 76, in dummyvar
    s_cis = cis[ix][:, range(m), range(m)]
numpy.core._exceptions.MemoryError: Unable to allocate array with shape (494, 2600, 2600) and data type int64
