2019-10-25T23:00:04.600261 INFO: Starting main function...
2019-10-25T23:00:04.600298 INFO: Loading cell info...
2019-10-25T23:00:04.621383 INFO: Processing bin width 0.05...
2019-10-25T23:00:04.621426 INFO: Processing mouse name Krebs...
2019-10-25T23:00:04.921764 INFO: Calculating correlation matrix...
2019-10-25T23:00:06.208631 INFO: Sparsifying and rectifying...
2019-10-25T23:00:06.212681 INFO: Checking the data is symmetric...
2019-10-25T23:00:06.213251 INFO: Getting the biggest component...
2019-10-25T23:00:06.821232 INFO: Sampling from null model...
2019-10-25T23:00:12.465581 INFO: Constructing network modularity matrix...
2019-10-25T23:00:12.466948 INFO: Getting low dimensional space...
2019-10-25T23:00:12.528275 INFO: Splitting network into noise and signal...
2019-10-25T23:00:12.674528 INFO: Constructing final signal network without leaves...
2019-10-25T23:00:13.177529 INFO: Detecting communities...
2019-10-25T23:15:54.619771 INFO: Done.
2019-10-25T23:15:54.619782 INFO: Processing mouse name Waksman...
2019-10-25T23:15:54.928599 INFO: Calculating correlation matrix...
2019-10-25T23:15:56.186485 INFO: Sparsifying and rectifying...
2019-10-25T23:15:56.190430 INFO: Checking the data is symmetric...
2019-10-25T23:15:56.190997 INFO: Getting the biggest component...
2019-10-25T23:15:56.560208 INFO: Sampling from null model...
2019-10-25T23:16:02.054371 INFO: Constructing network modularity matrix...
2019-10-25T23:16:02.055726 INFO: Getting low dimensional space...
2019-10-25T23:16:02.088325 INFO: Splitting network into noise and signal...
2019-10-25T23:16:02.169962 INFO: Constructing final signal network without leaves...
2019-10-25T23:16:02.573847 INFO: Detecting communities...
2019-10-25T23:21:52.169253 INFO: Done.
2019-10-25T23:21:52.169265 INFO: Processing mouse name Robbins...
2019-10-25T23:21:52.475993 INFO: Calculating correlation matrix...
2019-10-25T23:21:53.724441 INFO: Sparsifying and rectifying...
2019-10-25T23:21:53.728939 INFO: Checking the data is symmetric...
2019-10-25T23:21:53.729513 INFO: Getting the biggest component...
2019-10-25T23:21:54.224808 INFO: Sampling from null model...
2019-10-25T23:21:59.872570 INFO: Constructing network modularity matrix...
2019-10-25T23:21:59.873926 INFO: Getting low dimensional space...
2019-10-25T23:21:59.906636 INFO: Splitting network into noise and signal...
2019-10-25T23:21:59.986938 INFO: Constructing final signal network without leaves...
2019-10-25T23:22:00.489306 INFO: Detecting communities...
2019-10-25T23:25:03.546860 INFO: Done.
2019-10-25T23:25:03.546871 INFO: Processing bin width 0.2...
2019-10-25T23:25:03.546878 INFO: Processing mouse name Krebs...
2019-10-25T23:25:03.791060 INFO: Calculating correlation matrix...
2019-10-25T23:25:05.033566 INFO: Sparsifying and rectifying...
2019-10-25T23:25:05.037319 INFO: Checking the data is symmetric...
2019-10-25T23:25:05.037913 INFO: Getting the biggest component...
2019-10-25T23:25:05.529293 INFO: Sampling from null model...
2019-10-25T23:25:12.388291 INFO: Constructing network modularity matrix...
2019-10-25T23:25:12.389550 INFO: Getting low dimensional space...
2019-10-25T23:25:12.429641 INFO: Splitting network into noise and signal...
2019-10-25T23:25:12.573545 INFO: Constructing final signal network without leaves...
2019-10-25T23:25:13.084751 INFO: Detecting communities...
2019-10-25T23:31:28.380862 INFO: Done.
2019-10-25T23:31:28.380873 INFO: Processing mouse name Waksman...
2019-10-25T23:31:28.622339 INFO: Calculating correlation matrix...
2019-10-25T23:31:29.887447 INFO: Sparsifying and rectifying...
2019-10-25T23:31:29.892019 INFO: Checking the data is symmetric...
2019-10-25T23:31:29.892605 INFO: Getting the biggest component...
2019-10-25T23:31:30.274401 INFO: Sampling from null model...
2019-10-25T23:31:35.852612 INFO: Constructing network modularity matrix...
2019-10-25T23:31:35.853973 INFO: Getting low dimensional space...
2019-10-25T23:31:35.887098 INFO: Splitting network into noise and signal...
2019-10-25T23:31:35.967905 INFO: Constructing final signal network without leaves...
2019-10-25T23:31:36.378028 INFO: Detecting communities...
2019-10-25T23:33:41.713200 INFO: Done.
2019-10-25T23:33:41.713213 INFO: Processing mouse name Robbins...
2019-10-25T23:33:41.975500 INFO: Calculating correlation matrix...
2019-10-25T23:33:43.246502 INFO: Sparsifying and rectifying...
2019-10-25T23:33:43.250216 INFO: Checking the data is symmetric...
2019-10-25T23:33:43.250795 INFO: Getting the biggest component...
2019-10-25T23:33:43.755227 INFO: Sampling from null model...
2019-10-25T23:33:49.539461 INFO: Constructing network modularity matrix...
2019-10-25T23:33:49.540838 INFO: Getting low dimensional space...
2019-10-25T23:33:49.619168 INFO: Splitting network into noise and signal...
2019-10-25T23:33:49.711438 INFO: Constructing final signal network without leaves...
2019-10-25T23:33:50.213812 INFO: Detecting communities...
Traceback (most recent call last):
  File "py/detect_communities.py", line 112, in <module>
    max_mod_cluster, max_modularity, consensus_clustering, consensus_modularity, consensus_iterations = nnr.consensusCommunityDetect(final_weighted_adjacency_matrix, signal_expected_wcm, exceeding_space_dims+1, exceeding_space_dims+1)
  File "/space/td16954/Network_Noise_Rejection_Python/network_analysis_functions.py", line 230, in consensusCommunityDetect
    consensus_matrix = bct.agreement(allowed_clusterings) / float(kmeans_clusterings.shape[1])
  File "/home/pgrads/td16954/linux/.local/lib/python3.6/site-packages/bct/algorithms/clustering.py", line 42, in agreement
    ind = dummyvar(ci)
  File "/home/pgrads/td16954/linux/.local/lib/python3.6/site-packages/bct/utils/miscellaneous_utilities.py", line 76, in dummyvar
    s_cis = cis[ix][:, range(m), range(m)]
numpy.core._exceptions.MemoryError: Unable to allocate array with shape (493, 2300, 2300) and data type int64
